[INFO ] 2019-02-14 09:44:24.556 [main] Main - Lancement du Projet3
[INFO ] 2019-02-14 09:44:27.283 [main] Main - Choix du jeu Mastermind Activé
[INFO ] 2019-02-14 09:44:29.217 [main] Main - Mode Defenseur Activé
[INFO ] 2019-02-14 09:45:38.449 [main] Main - Lancement du Projet3
[INFO ] 2019-02-14 09:45:40.588 [main] Main - Choix du jeu Mastermind Activé
[INFO ] 2019-02-14 09:45:42.494 [main] Main - Mode Defenseur Activé
[INFO ] 2019-02-14 09:48:46.972 [main] Main - Quitter le jeux normalement
[INFO ] 2019-02-14 09:48:54.818 [main] Main - Lancement du Projet3
[INFO ] 2019-02-14 09:48:57.688 [main] Main - Choix du jeu Mastermind Activé
[INFO ] 2019-02-14 09:48:58.553 [main] Main - Mode Defenseur Activé
[INFO ] 2019-02-14 09:49:21.342 [main] Main - Quitter le jeux normalement
[INFO ] 2019-02-14 10:09:56.201 [main] Main - Lancement du Projet3
[INFO ] 2019-02-14 10:10:14.840 [main] Main - mode développeur activé!
[INFO ] 2019-02-14 10:10:14.844 [main] Main - Lancement du Projet3
[INFO ] 2019-02-14 10:10:19.122 [main] Main - Choix du jeu Mastermind Activé
[INFO ] 2019-02-14 10:10:32.876 [main] Main - Mode Defenseur Activé
[INFO ] 2019-02-14 10:11:10.714 [main] Main - Retour au menu principale
[ERROR] 2019-02-14 10:11:10.715 [main] Main - Choix du Jeu non prit en compte
[INFO ] 2019-02-14 10:11:24.002 [main] Main - Choix du jeu Mastermind Activé
[INFO ] 2019-02-14 10:11:25.871 [main] Main - Mode Challenger Activé
[INFO ] 2019-02-14 10:13:12.177 [main] Main - mode développeur activé!
[INFO ] 2019-02-14 10:13:12.179 [main] Main - Lancement du Projet3
[INFO ] 2019-02-14 10:13:16.457 [main] Main - Choix du jeu Mastermind Activé
[INFO ] 2019-02-14 10:13:18.108 [main] Main - Mode Defenseur Activé
[INFO ] 2019-02-14 10:13:51.600 [main] Main - Retour au menu principale
[ERROR] 2019-02-14 10:13:51.602 [main] Main - Choix du Jeu non prit en compte
[INFO ] 2019-02-14 10:13:53.985 [main] Main - Choix du jeu Recherche Nbr +/- Activé
[INFO ] 2019-02-14 10:13:59.327 [main] Main - Mode Challenger Activé
[INFO ] 2019-02-14 10:14:51.313 [main] Main - Retour au menu principale
[ERROR] 2019-02-14 10:14:51.314 [main] Main - Choix du Jeu non prit en compte
[INFO ] 2019-02-14 10:14:53.533 [main] Main - Choix du jeu Mastermind Activé
[INFO ] 2019-02-14 10:14:57.341 [main] Main - Mode Challenger Activé
[INFO ] 2019-02-14 10:17:56.635 [main] Main - mode développeur activé!
[INFO ] 2019-02-14 10:17:56.638 [main] Main - Lancement du Projet3
[INFO ] 2019-02-14 10:17:59.900 [main] Main - Choix du jeu Recherche Nbr +/- Activé
[INFO ] 2019-02-14 10:18:00.989 [main] Main - Mode Challenger Activé
[INFO ] 2019-02-14 10:19:19.832 [main] Main - Quitter le jeux normalement
