[INFO ] 2019-02-18 00:07:15.916 [main] Main - Lancement du Projet3
[INFO ] 2019-02-18 00:07:18.559 [main] Main - Choix du jeu Recherche Nbr +/- Activé
[INFO ] 2019-02-18 00:07:20.215 [main] Main - Mode Duel Activé
[INFO ] 2019-02-18 00:08:50.342 [main] Main - Lancement du Projet3
[INFO ] 2019-02-18 00:08:53.518 [main] Main - Choix du jeu Recherche Nbr +/- Activé
[INFO ] 2019-02-18 00:08:54.411 [main] Main - Mode Duel Activé
[INFO ] 2019-02-18 00:12:09.862 [main] Main - Lancement du Projet3
[INFO ] 2019-02-18 00:12:12.867 [main] Main - Choix du jeu Recherche Nbr +/- Activé
[INFO ] 2019-02-18 00:12:15.149 [main] Main - Mode Duel Activé
[INFO ] 2019-02-18 00:39:28.379 [main] Main - Lancement du Projet3
[INFO ] 2019-02-18 00:40:27.926 [main] Main - Lancement du Projet3
[INFO ] 2019-02-18 00:40:55.868 [main] Main - Lancement du Projet3
[INFO ] 2019-02-18 00:41:16.962 [main] Main - Choix du jeu Recherche Nbr +/- Activé
[INFO ] 2019-02-18 00:42:03.389 [main] Main - Mode Duel Activé
[INFO ] 2019-02-18 00:46:54.609 [main] Main - Lancement du Projet3
[INFO ] 2019-02-18 00:47:48.369 [main] Main - Lancement du Projet3
[INFO ] 2019-02-18 00:48:31.828 [main] Main - Lancement du Projet3
[INFO ] 2019-02-18 00:48:35.379 [main] Main - Choix du jeu Mastermind Activé
[INFO ] 2019-02-18 00:48:37.985 [main] Main - Mode Duel Activé
[INFO ] 2019-02-18 00:49:01.730 [main] Main - Lancement du Projet3
[INFO ] 2019-02-18 00:49:17.371 [main] Main - Choix du jeu Mastermind Activé
[INFO ] 2019-02-18 00:49:33.525 [main] Main - Mode Duel Activé
[INFO ] 2019-02-18 00:53:12.349 [main] Main - Quitter le jeux normalement
[INFO ] 2019-02-18 23:27:43.446 [main] Main - Lancement du Projet3
[INFO ] 2019-02-18 23:27:56.454 [main] Main - Choix du jeu Recherche Nbr +/- Activé
[INFO ] 2019-02-18 23:28:13.158 [main] Main - Mode Défenseur Activé
[INFO ] 2019-02-18 23:29:00.103 [main] Main - Retour au menu principale
[ERROR] 2019-02-18 23:29:00.103 [main] Main - Choix du Jeu non prit en compte
[INFO ] 2019-02-18 23:29:12.170 [main] Main - Choix du jeu Mastermind Activé
[INFO ] 2019-02-18 23:29:20.698 [main] Main - Mode Duel Activé
[INFO ] 2019-02-18 23:35:41.009 [main] Main - Quitter le jeux normalement
